<testsuite failures="0" name="src/test/java/features/AuthToken.feature" skipped="0" tests="1" time="1.526282">
  <testcase classname="src.test.java.features.AuthToken" name="Get user details using Bearer Token Auth" time="1.526282">
    <system-out>* print tokenID ........................................................... passed
Given header Authorization = 'Bearer ' + tokenID .......................... passed
Given url baseUrl + '/public/v1/users' .................................... passed
And path '6798509' ........................................................ passed
When method GET ........................................................... passed
Then status 200 ........................................................... passed
* print response .......................................................... passed</system-out>
  </testcase>
</testsuite>
