<testsuite failures="0" name="src/test/java/features/jsonKarate.feature" skipped="0" tests="2" time="0.182734">
  <testcase classname="src.test.java.features.jsonKarate" name="json reader parser" time="0.115964">
    <system-out>* def jsonObject = ........................................................ passed
* print jsonObject ........................................................ passed
* print jsonObject[0].name ................................................ passed
* print jsonObject[1].name + " " + jsonObject[1].city + " " + jsonObject[1].age . passed</system-out>
  </testcase>
  <testcase classname="src.test.java.features.jsonKarate" name="Complex json reader" time="0.06677">
    <system-out>* def jsonObject = ........................................................ passed
* print jsonObject ........................................................ passed
* print jsonObject[0].name ................................................ passed
* print jsonObject[1].name + " " + jsonObject[1].city + " " + jsonObject[1].age . passed
* def jsonObject = ........................................................ passed
* print jsonObject ........................................................ passed
* print jsonObject.menu ................................................... passed
* print jsonObject.menu.id ................................................ passed
* print jsonObject.menu.popup ............................................. passed
* print jsonObject.menu.popup.menuitem .................................... passed
* print jsonObject.menu.popup.menuitem[0].value ........................... passed
* print jsonObject.menu.popup.menuitem[0].onclick ......................... passed</system-out>
  </testcase>
</testsuite>
