<testsuite failures="0" name="src/test/java/features/randomEmail.feature" skipped="0" tests="1" time="1.731257">
  <testcase classname="src.test.java.features.randomEmail" name="Create a user with the given data" time="1.731257">
    <system-out>* url 'https://gorest.co.in' .............................................. passed
* def random_string = ..................................................... passed
* def randomString = random_string(10) .................................... passed
* print randomString ...................................................... passed
* def requestPayload = .................................................... passed
* requestPayload.email = randomString + "@gmail.com" ...................... passed
* print requestPayload .................................................... passed
Given path '/public/v1/users' ............................................. passed
And request requestPayload ................................................ passed
And header Authorization = 'Bearer ' + tokenID ............................ passed
When method post .......................................................... passed
Then status 201 ........................................................... passed
And match $.data.id == '#present' ......................................... passed
And match $.data.name == '#present' ....................................... passed
And match $.data.name == 'Nish B from Karate' ............................. passed
And match $.data.email == requestPayload.email ............................ passed</system-out>
  </testcase>
</testsuite>
