<testsuite failures="0" name="src/test/java/features/postAPI.feature" skipped="0" tests="1" time="1.56271">
  <testcase classname="src.test.java.features.postAPI" name="Create a user with the given data" time="1.56271">
    <system-out>* url 'https://gorest.co.in' .............................................. passed
* def requestPayload = .................................................... passed
Given path '/public/v1/users' ............................................. passed
And request requestPayload ................................................ passed
And header Authorization = 'Bearer ' + tokenID ............................ passed
When method post .......................................................... passed
Then status 201 ........................................................... passed
And match $.data.id == '#present' ......................................... passed
And match $.data.name == '#present' ....................................... passed
And match $.data.name == 'Nish B from Karate' ............................. passed
And match $.data.email == 'nishb1234@karate.prac' ......................... passed</system-out>
  </testcase>
</testsuite>
